#! /usr/bin/vvp
:ivl_version "12.0 (stable)" "(v12_0-dirty)";
:ivl_delay_selection "TYPICAL";
:vpi_time_precision - 10;
:vpi_module "/usr/lib/ivl/system.vpi";
:vpi_module "/usr/lib/ivl/vhdl_sys.vpi";
:vpi_module "/usr/lib/ivl/vhdl_textio.vpi";
:vpi_module "/usr/lib/ivl/v2005_math.vpi";
:vpi_module "/usr/lib/ivl/va_math.vpi";
S_0x55bd9f157030 .scope module, "logicFnct_tb" "logicFnct_tb" 2 4;
 .timescale -9 -10;
v0x55bd9f16e580_0 .var "key", 1 0;
v0x55bd9f16e640_0 .net "led", 9 0, L_0x55bd9f16f830;  1 drivers
S_0x55bd9f1571c0 .scope module, "dut" "logicFnct" 2 9, 3 1 0, S_0x55bd9f157030;
 .timescale -9 -10;
    .port_info 0 /INPUT 2 "KEY";
    .port_info 1 /OUTPUT 10 "LED";
L_0x55bd9f16e7b0 .functor NOT 1, L_0x55bd9f16e6e0, C4<0>, C4<0>, C4<0>;
L_0x55bd9f16e910 .functor NOT 1, L_0x55bd9f16e870, C4<0>, C4<0>, C4<0>;
L_0x55bd9f16ea00 .functor AND 1, L_0x55bd9f16e7b0, L_0x55bd9f16e910, C4<1>, C4<1>;
L_0x55bd9f16eb10 .functor OR 1, L_0x55bd9f16e7b0, L_0x55bd9f16e910, C4<0>, C4<0>;
L_0x55bd9f16ebb0 .functor NOT 1, L_0x55bd9f16e7b0, C4<0>, C4<0>, C4<0>;
L_0x55bd9f16ec20 .functor XOR 1, L_0x55bd9f16e7b0, L_0x55bd9f16e910, C4<0>, C4<0>;
L_0x55bd9f16ed00 .functor OR 1, L_0x55bd9f16e7b0, L_0x55bd9f16e910, C4<0>, C4<0>;
L_0x55bd9f16ed70 .functor AND 1, L_0x55bd9f16e7b0, L_0x55bd9f16e910, C4<1>, C4<1>;
L_0x55bd9f16ee60 .functor NOT 1, L_0x55bd9f16ed70, C4<0>, C4<0>, C4<0>;
L_0x55bd9f16ef00 .functor AND 1, L_0x55bd9f16ed00, L_0x55bd9f16ee60, C4<1>, C4<1>;
L_0x7f2cb9f4f018 .functor BUFT 1, C4<1>, C4<0>, C4<0>, C4<0>;
L_0x55bd9f16f020 .functor XOR 1, L_0x55bd9f16e7b0, L_0x7f2cb9f4f018, C4<0>, C4<0>;
L_0x55bd9f16f090 .functor AND 1, L_0x55bd9f16e7b0, L_0x55bd9f16e910, C4<1>, C4<1>;
L_0x55bd9f16f170 .functor NOT 1, L_0x55bd9f16f090, C4<0>, C4<0>, C4<0>;
L_0x55bd9f16f260 .functor NOT 1, L_0x55bd9f16e7b0, C4<0>, C4<0>, C4<0>;
L_0x55bd9f16f100 .functor NOT 1, L_0x55bd9f16e910, C4<0>, C4<0>, C4<0>;
L_0x55bd9f16f490 .functor OR 1, L_0x55bd9f16f260, L_0x55bd9f16f100, C4<0>, C4<0>;
L_0x55bd9f16f660 .functor OR 1, L_0x55bd9f16e7b0, L_0x55bd9f16e910, C4<0>, C4<0>;
L_0x55bd9f16f6d0 .functor NOT 1, L_0x55bd9f16f660, C4<0>, C4<0>, C4<0>;
L_0x55bd9f16fbf0 .functor NOT 1, L_0x55bd9f16e7b0, C4<0>, C4<0>, C4<0>;
L_0x55bd9f16fc60 .functor NOT 1, L_0x55bd9f16e910, C4<0>, C4<0>, C4<0>;
L_0x55bd9f16fd80 .functor AND 1, L_0x55bd9f16fbf0, L_0x55bd9f16fc60, C4<1>, C4<1>;
v0x55bd9f146820_0 .net "KEY", 1 0, v0x55bd9f16e580_0;  1 drivers
v0x55bd9f142a70_0 .net "LED", 9 0, L_0x55bd9f16f830;  alias, 1 drivers
v0x55bd9f142560_0 .net *"_ivl_1", 0 0, L_0x55bd9f16e6e0;  1 drivers
v0x55bd9f141fe0_0 .net *"_ivl_10", 0 0, L_0x55bd9f16ea00;  1 drivers
v0x55bd9f1419d0_0 .net *"_ivl_14", 0 0, L_0x55bd9f16eb10;  1 drivers
v0x55bd9f16d300_0 .net *"_ivl_18", 0 0, L_0x55bd9f16ebb0;  1 drivers
v0x55bd9f16d3e0_0 .net *"_ivl_22", 0 0, L_0x55bd9f16ec20;  1 drivers
v0x55bd9f16d4c0_0 .net *"_ivl_26", 0 0, L_0x55bd9f16ed00;  1 drivers
v0x55bd9f16d5a0_0 .net *"_ivl_28", 0 0, L_0x55bd9f16ed70;  1 drivers
v0x55bd9f16d680_0 .net *"_ivl_30", 0 0, L_0x55bd9f16ee60;  1 drivers
v0x55bd9f16d760_0 .net *"_ivl_32", 0 0, L_0x55bd9f16ef00;  1 drivers
v0x55bd9f16d840_0 .net/2u *"_ivl_36", 0 0, L_0x7f2cb9f4f018;  1 drivers
v0x55bd9f16d920_0 .net *"_ivl_38", 0 0, L_0x55bd9f16f020;  1 drivers
v0x55bd9f16da00_0 .net *"_ivl_42", 0 0, L_0x55bd9f16f090;  1 drivers
v0x55bd9f16dae0_0 .net *"_ivl_44", 0 0, L_0x55bd9f16f170;  1 drivers
v0x55bd9f16dbc0_0 .net *"_ivl_48", 0 0, L_0x55bd9f16f260;  1 drivers
v0x55bd9f16dca0_0 .net *"_ivl_5", 0 0, L_0x55bd9f16e870;  1 drivers
v0x55bd9f16dd80_0 .net *"_ivl_50", 0 0, L_0x55bd9f16f100;  1 drivers
v0x55bd9f16de60_0 .net *"_ivl_52", 0 0, L_0x55bd9f16f490;  1 drivers
v0x55bd9f16df40_0 .net *"_ivl_56", 0 0, L_0x55bd9f16f660;  1 drivers
v0x55bd9f16e020_0 .net *"_ivl_58", 0 0, L_0x55bd9f16f6d0;  1 drivers
v0x55bd9f16e100_0 .net *"_ivl_63", 0 0, L_0x55bd9f16fbf0;  1 drivers
v0x55bd9f16e1e0_0 .net *"_ivl_65", 0 0, L_0x55bd9f16fc60;  1 drivers
v0x55bd9f16e2c0_0 .net *"_ivl_67", 0 0, L_0x55bd9f16fd80;  1 drivers
v0x55bd9f16e3a0_0 .net "a", 0 0, L_0x55bd9f16e7b0;  1 drivers
v0x55bd9f16e460_0 .net "b", 0 0, L_0x55bd9f16e910;  1 drivers
L_0x55bd9f16e6e0 .part v0x55bd9f16e580_0, 0, 1;
L_0x55bd9f16e870 .part v0x55bd9f16e580_0, 1, 1;
LS_0x55bd9f16f830_0_0 .concat8 [ 1 1 1 1], L_0x55bd9f16ea00, L_0x55bd9f16eb10, L_0x55bd9f16ebb0, L_0x55bd9f16ec20;
LS_0x55bd9f16f830_0_4 .concat8 [ 1 1 1 1], L_0x55bd9f16ef00, L_0x55bd9f16f020, L_0x55bd9f16f170, L_0x55bd9f16f490;
LS_0x55bd9f16f830_0_8 .concat8 [ 1 1 0 0], L_0x55bd9f16f6d0, L_0x55bd9f16fd80;
L_0x55bd9f16f830 .concat8 [ 4 4 2 0], LS_0x55bd9f16f830_0_0, LS_0x55bd9f16f830_0_4, LS_0x55bd9f16f830_0_8;
    .scope S_0x55bd9f157030;
T_0 ;
    %pushi/vec4 0, 0, 2;
    %store/vec4 v0x55bd9f16e580_0, 0, 2;
    %delay 100, 0;
    %pushi/vec4 1, 0, 2;
    %store/vec4 v0x55bd9f16e580_0, 0, 2;
    %delay 100, 0;
    %pushi/vec4 2, 0, 2;
    %store/vec4 v0x55bd9f16e580_0, 0, 2;
    %delay 100, 0;
    %pushi/vec4 3, 0, 2;
    %store/vec4 v0x55bd9f16e580_0, 0, 2;
    %delay 100, 0;
    %end;
    .thread T_0;
    .scope S_0x55bd9f157030;
T_1 ;
    %vpi_call 2 23 "$dumpvars" {0 0 0};
    %end;
    .thread T_1;
# The file index is used to find the file name in the following table.
:file_names 4;
    "N/A";
    "<interactive>";
    "simulation/tb/logicFnct_tb.v";
    "simulation/tb/../src/logicFnct.v";
